<?xml version="1.0" encoding="UTF-8"?>
<!-- Generated by org.testng.reporters.JUnitXMLReporter -->
<testsuite ignored="0" hostname="IN15I51216GR512" failures="0" tests="3" name="Test" time="26.034" errors="0" timestamp="2026-02-05T02:03:24 IST">
  <testcase classname="Test.TextBoxTest" name="clickTextRun" time="0.931"/>
  <testcase classname="Test.TextBoxTest" name="clickTextRunOne" time="0.834"/>
  <testcase classname="Test.WebTableTest" name="clickWebTableRun" time="1.899"/>
</testsuite> <!-- Test -->
