<?xml version="1.0" encoding="UTF-8"?>
<!-- Generated by org.testng.reporters.JUnitXMLReporter -->
<testsuite ignored="0" hostname="IN15I51216GR512" failures="1" tests="3" name="Test" time="36.359" errors="0" timestamp="2026-02-05T03:13:31 IST">
  <testcase classname="Test.TextBoxTest" name="clickTextRun" time="0.869"/>
  <testcase classname="Test.TextBoxTest" name="clickTextRunOne" time="0.886"/>
  <testcase classname="Test.WebTableTest" name="clickWebTableRun" time="3.065">
    <failure type="java.lang.AssertionError" message="Expected email is found in WebTable expected [true] but found [false]">
      <![CDATA[java.lang.AssertionError: Expected email is found in WebTable expected [true] but found [false]
at Objects.WebTablePage.webPageTest01_Assertion(WebTablePage.java:104)
at Test.WebTableTest.clickWebTableRun(WebTableTest.java:26)
at java.base/java.util.ArrayList.forEach(ArrayList.java:1597)
... Removed 32 stack frames]]>
    </failure>
  </testcase> <!-- clickWebTableRun -->
</testsuite> <!-- Test -->
