<?xml version="1.0" encoding="UTF-8"?>
<!-- Generated by org.testng.reporters.JUnitXMLReporter -->
<testsuite ignored="0" hostname="IN15I51216GR512" failures="0" tests="3" name="Test" time="48.947" errors="0" timestamp="2026-02-03T23:56:47 IST">
  <testcase classname="Test.TextBoxTest" name="clickTextRun" time="1.323"/>
  <testcase classname="Test.TextBoxTest" name="clickTextRunOne" time="1.208"/>
  <testcase classname="Test.WebTableTest" name="clickWebTableRun" time="2.268"/>
</testsuite> <!-- Test -->
