<?xml version="1.0" encoding="UTF-8"?>
<testng-results ignored="0" total="3" passed="3" failed="0" skipped="0">
  <reporter-output>
  </reporter-output>
  <suite started-at="2026-02-05T01:51:09 IST" name="Suite" finished-at="2026-02-05T01:51:44 IST" duration-ms="35739">
    <groups>
    </groups>
    <test started-at="2026-02-05T01:51:09 IST" name="Test" finished-at="2026-02-05T01:51:44 IST" duration-ms="35739">
      <class name="Test.TextBoxTest">
        <test-method is-config="true" signature="driverConnectionSetup()[pri:0, instance:Test.TextBoxTest@4c163e3]" started-at="2026-02-05T01:51:09 IST" name="driverConnectionSetup" finished-at="2026-02-05T01:51:17 IST" duration-ms="8643" status="PASS">
          <reporter-output>
          </reporter-output>
        </test-method> <!-- driverConnectionSetup -->
        <test-method signature="clickTextRun()[pri:0, instance:Test.TextBoxTest@4c163e3]" started-at="2026-02-05T01:51:17 IST" name="clickTextRun" description="Test01" finished-at="2026-02-05T01:51:19 IST" duration-ms="1266" status="PASS">
          <reporter-output>
          </reporter-output>
        </test-method> <!-- clickTextRun -->
        <test-method is-config="true" signature="tearDown()[pri:0, instance:Test.TextBoxTest@4c163e3]" started-at="2026-02-05T01:51:19 IST" name="tearDown" finished-at="2026-02-05T01:51:19 IST" duration-ms="335" status="PASS">
          <reporter-output>
          </reporter-output>
        </test-method> <!-- tearDown -->
        <test-method is-config="true" signature="driverConnectionSetup()[pri:0, instance:Test.TextBoxTest@4c163e3]" started-at="2026-02-05T01:51:19 IST" name="driverConnectionSetup" finished-at="2026-02-05T01:51:25 IST" duration-ms="6290" status="PASS">
          <reporter-output>
          </reporter-output>
        </test-method> <!-- driverConnectionSetup -->
        <test-method signature="clickTextRunOne()[pri:0, instance:Test.TextBoxTest@4c163e3]" started-at="2026-02-05T01:51:25 IST" name="clickTextRunOne" description="Test02" finished-at="2026-02-05T01:51:26 IST" duration-ms="1155" status="PASS">
          <reporter-output>
          </reporter-output>
        </test-method> <!-- clickTextRunOne -->
        <test-method is-config="true" signature="tearDown()[pri:0, instance:Test.TextBoxTest@4c163e3]" started-at="2026-02-05T01:51:26 IST" name="tearDown" finished-at="2026-02-05T01:51:26 IST" duration-ms="173" status="PASS">
          <reporter-output>
          </reporter-output>
        </test-method> <!-- tearDown -->
      </class> <!-- Test.TextBoxTest -->
      <class name="Test.WebTableTest">
        <test-method is-config="true" signature="driverConnectionSetup()[pri:0, instance:Test.WebTableTest@57bc27f5]" started-at="2026-02-05T01:51:26 IST" name="driverConnectionSetup" finished-at="2026-02-05T01:51:32 IST" duration-ms="5623" status="PASS">
          <reporter-output>
          </reporter-output>
        </test-method> <!-- driverConnectionSetup -->
        <test-method signature="clickWebTableRun()[pri:0, instance:Test.WebTableTest@57bc27f5]" started-at="2026-02-05T01:51:32 IST" name="clickWebTableRun" description="TC_WebTableTest_01" finished-at="2026-02-05T01:51:44 IST" duration-ms="12066" status="PASS">
          <reporter-output>
          </reporter-output>
        </test-method> <!-- clickWebTableRun -->
        <test-method is-config="true" signature="tearDown()[pri:0, instance:Test.WebTableTest@57bc27f5]" started-at="2026-02-05T01:51:44 IST" name="tearDown" finished-at="2026-02-05T01:51:44 IST" duration-ms="161" status="PASS">
          <reporter-output>
          </reporter-output>
        </test-method> <!-- tearDown -->
      </class> <!-- Test.WebTableTest -->
    </test> <!-- Test -->
  </suite> <!-- Suite -->
</testng-results>
