<?xml version="1.0" encoding="UTF-8"?>
<testng-results ignored="0" total="3" passed="3" failed="0" skipped="0">
  <reporter-output>
  </reporter-output>
  <suite started-at="2026-02-03T23:55:58 IST" name="Suite" finished-at="2026-02-03T23:56:47 IST" duration-ms="48947">
    <groups>
    </groups>
    <test started-at="2026-02-03T23:55:58 IST" name="Test" finished-at="2026-02-03T23:56:47 IST" duration-ms="48947">
      <class name="Test.TextBoxTest">
        <test-method is-config="true" signature="driverConnectionSetup()[pri:0, instance:Test.TextBoxTest@4c163e3]" started-at="2026-02-03T23:55:58 IST" name="driverConnectionSetup" finished-at="2026-02-03T23:56:12 IST" duration-ms="14660" status="PASS">
          <reporter-output>
          </reporter-output>
        </test-method> <!-- driverConnectionSetup -->
        <test-method signature="clickTextRun()[pri:0, instance:Test.TextBoxTest@4c163e3]" started-at="2026-02-03T23:56:12 IST" name="clickTextRun" description="Test01" finished-at="2026-02-03T23:56:14 IST" duration-ms="1323" status="PASS">
          <reporter-output>
          </reporter-output>
        </test-method> <!-- clickTextRun -->
        <test-method is-config="true" signature="tearDown()[pri:0, instance:Test.TextBoxTest@4c163e3]" started-at="2026-02-03T23:56:14 IST" name="tearDown" finished-at="2026-02-03T23:56:14 IST" duration-ms="686" status="PASS">
          <reporter-output>
          </reporter-output>
        </test-method> <!-- tearDown -->
        <test-method is-config="true" signature="driverConnectionSetup()[pri:0, instance:Test.TextBoxTest@4c163e3]" started-at="2026-02-03T23:56:14 IST" name="driverConnectionSetup" finished-at="2026-02-03T23:56:33 IST" duration-ms="18960" status="PASS">
          <reporter-output>
          </reporter-output>
        </test-method> <!-- driverConnectionSetup -->
        <test-method signature="clickTextRunOne()[pri:0, instance:Test.TextBoxTest@4c163e3]" started-at="2026-02-03T23:56:33 IST" name="clickTextRunOne" description="Test02" finished-at="2026-02-03T23:56:34 IST" duration-ms="1208" status="PASS">
          <reporter-output>
          </reporter-output>
        </test-method> <!-- clickTextRunOne -->
        <test-method is-config="true" signature="tearDown()[pri:0, instance:Test.TextBoxTest@4c163e3]" started-at="2026-02-03T23:56:34 IST" name="tearDown" finished-at="2026-02-03T23:56:35 IST" duration-ms="216" status="PASS">
          <reporter-output>
          </reporter-output>
        </test-method> <!-- tearDown -->
      </class> <!-- Test.TextBoxTest -->
      <class name="Test.WebTableTest">
        <test-method is-config="true" signature="driverConnectionSetup()[pri:0, instance:Test.WebTableTest@57bc27f5]" started-at="2026-02-03T23:56:35 IST" name="driverConnectionSetup" finished-at="2026-02-03T23:56:44 IST" duration-ms="9365" status="PASS">
          <reporter-output>
          </reporter-output>
        </test-method> <!-- driverConnectionSetup -->
        <test-method signature="clickWebTableRun()[pri:0, instance:Test.WebTableTest@57bc27f5]" started-at="2026-02-03T23:56:44 IST" name="clickWebTableRun" description="TC_WebTableTest_01" finished-at="2026-02-03T23:56:46 IST" duration-ms="2268" status="PASS">
          <reporter-output>
          </reporter-output>
        </test-method> <!-- clickWebTableRun -->
        <test-method is-config="true" signature="tearDown()[pri:0, instance:Test.WebTableTest@57bc27f5]" started-at="2026-02-03T23:56:46 IST" name="tearDown" finished-at="2026-02-03T23:56:47 IST" duration-ms="226" status="PASS">
          <reporter-output>
          </reporter-output>
        </test-method> <!-- tearDown -->
      </class> <!-- Test.WebTableTest -->
    </test> <!-- Test -->
  </suite> <!-- Suite -->
</testng-results>
