<?xml version="1.0" encoding="UTF-8"?>
<testng-results ignored="0" total="3" passed="3" failed="0" skipped="0">
  <reporter-output>
  </reporter-output>
  <suite started-at="2026-02-05T21:05:30 IST" name="Suite" finished-at="2026-02-05T21:06:46 IST" duration-ms="75207">
    <groups>
    </groups>
    <test started-at="2026-02-05T21:05:30 IST" name="Test" finished-at="2026-02-05T21:06:46 IST" duration-ms="75207">
      <class name="Test.TextBoxTest">
        <test-method is-config="true" signature="driverConnectionSetup()[pri:0, instance:Test.TextBoxTest@3cce5371]" started-at="2026-02-05T21:05:30 IST" name="driverConnectionSetup" finished-at="2026-02-05T21:06:00 IST" duration-ms="29159" status="PASS">
          <reporter-output>
          </reporter-output>
        </test-method> <!-- driverConnectionSetup -->
        <test-method signature="clickTextRun()[pri:0, instance:Test.TextBoxTest@3cce5371]" started-at="2026-02-05T21:06:00 IST" name="clickTextRun" description="Test01" finished-at="2026-02-05T21:06:01 IST" duration-ms="1386" status="PASS">
          <reporter-output>
          </reporter-output>
        </test-method> <!-- clickTextRun -->
        <test-method is-config="true" signature="tearDown()[pri:0, instance:Test.TextBoxTest@3cce5371]" started-at="2026-02-05T21:06:01 IST" name="tearDown" finished-at="2026-02-05T21:06:01 IST" duration-ms="469" status="PASS">
          <reporter-output>
          </reporter-output>
        </test-method> <!-- tearDown -->
        <test-method is-config="true" signature="driverConnectionSetup()[pri:0, instance:Test.TextBoxTest@3cce5371]" started-at="2026-02-05T21:06:01 IST" name="driverConnectionSetup" finished-at="2026-02-05T21:06:34 IST" duration-ms="32638" status="PASS">
          <reporter-output>
          </reporter-output>
        </test-method> <!-- driverConnectionSetup -->
        <test-method signature="clickTextRunOne()[pri:0, instance:Test.TextBoxTest@3cce5371]" started-at="2026-02-05T21:06:34 IST" name="clickTextRunOne" description="Test02" finished-at="2026-02-05T21:06:36 IST" duration-ms="1434" status="PASS">
          <reporter-output>
          </reporter-output>
        </test-method> <!-- clickTextRunOne -->
        <test-method is-config="true" signature="tearDown()[pri:0, instance:Test.TextBoxTest@3cce5371]" started-at="2026-02-05T21:06:36 IST" name="tearDown" finished-at="2026-02-05T21:06:36 IST" duration-ms="241" status="PASS">
          <reporter-output>
          </reporter-output>
        </test-method> <!-- tearDown -->
      </class> <!-- Test.TextBoxTest -->
      <class name="Test.WebTableTest">
        <test-method is-config="true" signature="driverConnectionSetup()[pri:0, instance:Test.WebTableTest@821330f]" started-at="2026-02-05T21:06:36 IST" name="driverConnectionSetup" finished-at="2026-02-05T21:06:42 IST" duration-ms="6182" status="PASS">
          <reporter-output>
          </reporter-output>
        </test-method> <!-- driverConnectionSetup -->
        <test-method signature="clickWebTableRun(java.lang.String,java.lang.String,java.lang.String,java.lang.String,java.lang.String,java.lang.String)[pri:0, instance:Test.WebTableTest@821330f]" started-at="2026-02-05T21:06:42 IST" name="clickWebTableRun" description="TC_WebTableTest_01" data-provider="excelData" finished-at="2026-02-05T21:06:45 IST" duration-ms="2708" status="PASS">
          <params>
            <param index="0">
              <value>
                <![CDATA[Nila]]>
              </value>
            </param>
            <param index="1">
              <value>
                <![CDATA[Malar]]>
              </value>
            </param>
            <param index="2">
              <value>
                <![CDATA[nila119@gmail.com]]>
              </value>
            </param>
            <param index="3">
              <value>
                <![CDATA[34]]>
              </value>
            </param>
            <param index="4">
              <value>
                <![CDATA[50000]]>
              </value>
            </param>
            <param index="5">
              <value>
                <![CDATA[General]]>
              </value>
            </param>
          </params>
          <reporter-output>
          </reporter-output>
        </test-method> <!-- clickWebTableRun -->
        <test-method is-config="true" signature="tearDown()[pri:0, instance:Test.WebTableTest@821330f]" started-at="2026-02-05T21:06:45 IST" name="tearDown" finished-at="2026-02-05T21:06:46 IST" duration-ms="401" status="PASS">
          <reporter-output>
          </reporter-output>
        </test-method> <!-- tearDown -->
      </class> <!-- Test.WebTableTest -->
    </test> <!-- Test -->
  </suite> <!-- Suite -->
</testng-results>
