<?xml version="1.0" encoding="UTF-8"?>
<testng-results ignored="0" total="1" passed="1" failed="0" skipped="0">
  <reporter-output>
  </reporter-output>
  <suite started-at="2026-02-03T11:41:26 IST" name="Default suite" finished-at="2026-02-03T11:41:44 IST" duration-ms="18480">
    <groups>
    </groups>
    <test started-at="2026-02-03T11:41:26 IST" name="Default test" finished-at="2026-02-03T11:41:44 IST" duration-ms="18480">
      <class name="Test.WebTableTest">
        <test-method is-config="true" signature="driverConnectionSetup()[pri:0, instance:Test.WebTableTest@2657d4dd]" started-at="2026-02-03T11:41:26 IST" name="driverConnectionSetup" finished-at="2026-02-03T11:41:36 IST" duration-ms="10645" status="PASS">
          <reporter-output>
          </reporter-output>
        </test-method> <!-- driverConnectionSetup -->
        <test-method signature="clickWebTableRun()[pri:0, instance:Test.WebTableTest@2657d4dd]" started-at="2026-02-03T11:41:36 IST" name="clickWebTableRun" description="TC_WebTableTest_01" finished-at="2026-02-03T11:41:44 IST" duration-ms="7440" status="PASS">
          <reporter-output>
          </reporter-output>
        </test-method> <!-- clickWebTableRun -->
        <test-method is-config="true" signature="tearDown()[pri:0, instance:Test.WebTableTest@2657d4dd]" started-at="2026-02-03T11:41:44 IST" name="tearDown" finished-at="2026-02-03T11:41:44 IST" duration-ms="355" status="PASS">
          <reporter-output>
          </reporter-output>
        </test-method> <!-- tearDown -->
      </class> <!-- Test.WebTableTest -->
    </test> <!-- Default test -->
  </suite> <!-- Default suite -->
</testng-results>
