<?xml version="1.0" encoding="UTF-8"?>
<testng-results ignored="0" total="3" passed="3" failed="0" skipped="0">
  <reporter-output>
  </reporter-output>
  <suite started-at="2026-02-05T02:02:58 IST" name="Suite" finished-at="2026-02-05T02:03:24 IST" duration-ms="26034">
    <groups>
    </groups>
    <test started-at="2026-02-05T02:02:58 IST" name="Test" finished-at="2026-02-05T02:03:24 IST" duration-ms="26034">
      <class name="Test.TextBoxTest">
        <test-method is-config="true" signature="driverConnectionSetup()[pri:0, instance:Test.TextBoxTest@550a1967]" started-at="2026-02-05T02:02:58 IST" name="driverConnectionSetup" finished-at="2026-02-05T02:03:06 IST" duration-ms="8539" status="PASS">
          <reporter-output>
          </reporter-output>
        </test-method> <!-- driverConnectionSetup -->
        <test-method signature="clickTextRun()[pri:0, instance:Test.TextBoxTest@550a1967]" started-at="2026-02-05T02:03:06 IST" name="clickTextRun" description="Test01" finished-at="2026-02-05T02:03:07 IST" duration-ms="931" status="PASS">
          <reporter-output>
          </reporter-output>
        </test-method> <!-- clickTextRun -->
        <test-method is-config="true" signature="tearDown()[pri:0, instance:Test.TextBoxTest@550a1967]" started-at="2026-02-05T02:03:07 IST" name="tearDown" finished-at="2026-02-05T02:03:08 IST" duration-ms="420" status="PASS">
          <reporter-output>
          </reporter-output>
        </test-method> <!-- tearDown -->
        <test-method is-config="true" signature="driverConnectionSetup()[pri:0, instance:Test.TextBoxTest@550a1967]" started-at="2026-02-05T02:03:08 IST" name="driverConnectionSetup" finished-at="2026-02-05T02:03:14 IST" duration-ms="6519" status="PASS">
          <reporter-output>
          </reporter-output>
        </test-method> <!-- driverConnectionSetup -->
        <test-method signature="clickTextRunOne()[pri:0, instance:Test.TextBoxTest@550a1967]" started-at="2026-02-05T02:03:14 IST" name="clickTextRunOne" description="Test02" finished-at="2026-02-05T02:03:15 IST" duration-ms="834" status="PASS">
          <reporter-output>
          </reporter-output>
        </test-method> <!-- clickTextRunOne -->
        <test-method is-config="true" signature="tearDown()[pri:0, instance:Test.TextBoxTest@550a1967]" started-at="2026-02-05T02:03:15 IST" name="tearDown" finished-at="2026-02-05T02:03:15 IST" duration-ms="191" status="PASS">
          <reporter-output>
          </reporter-output>
        </test-method> <!-- tearDown -->
      </class> <!-- Test.TextBoxTest -->
      <class name="Test.WebTableTest">
        <test-method is-config="true" signature="driverConnectionSetup()[pri:0, instance:Test.WebTableTest@31d0e481]" started-at="2026-02-05T02:03:15 IST" name="driverConnectionSetup" finished-at="2026-02-05T02:03:22 IST" duration-ms="6456" status="PASS">
          <reporter-output>
          </reporter-output>
        </test-method> <!-- driverConnectionSetup -->
        <test-method signature="clickWebTableRun()[pri:0, instance:Test.WebTableTest@31d0e481]" started-at="2026-02-05T02:03:22 IST" name="clickWebTableRun" description="TC_WebTableTest_01" finished-at="2026-02-05T02:03:24 IST" duration-ms="1899" status="PASS">
          <reporter-output>
          </reporter-output>
        </test-method> <!-- clickWebTableRun -->
        <test-method is-config="true" signature="tearDown()[pri:0, instance:Test.WebTableTest@31d0e481]" started-at="2026-02-05T02:03:24 IST" name="tearDown" finished-at="2026-02-05T02:03:24 IST" duration-ms="204" status="PASS">
          <reporter-output>
          </reporter-output>
        </test-method> <!-- tearDown -->
      </class> <!-- Test.WebTableTest -->
    </test> <!-- Test -->
  </suite> <!-- Suite -->
</testng-results>
