<?xml version="1.0" encoding="UTF-8"?>
<testng-results ignored="0" total="1" passed="1" failed="0" skipped="0">
  <reporter-output>
  </reporter-output>
  <suite started-at="2026-01-28T01:23:48 IST" name="Default suite" finished-at="2026-01-28T01:23:57 IST" duration-ms="8860">
    <groups>
    </groups>
    <test started-at="2026-01-28T01:23:48 IST" name="Default test" finished-at="2026-01-28T01:23:57 IST" duration-ms="8860">
      <class name="Test.HomeTest">
        <test-method is-config="true" signature="driverConnectionSetup()[pri:0, instance:Test.HomeTest@43bc63a3]" started-at="2026-01-28T01:23:48 IST" name="driverConnectionSetup" finished-at="2026-01-28T01:23:55 IST" duration-ms="7473" status="PASS">
          <reporter-output>
          </reporter-output>
        </test-method> <!-- driverConnectionSetup -->
        <test-method signature="clickTextRun()[pri:0, instance:Test.HomeTest@43bc63a3]" started-at="2026-01-28T01:23:55 IST" name="clickTextRun" description="Test01" finished-at="2026-01-28T01:23:57 IST" duration-ms="1151" status="PASS">
          <reporter-output>
          </reporter-output>
        </test-method> <!-- clickTextRun -->
        <test-method is-config="true" signature="tearDown()[pri:0, instance:Test.HomeTest@43bc63a3]" started-at="2026-01-28T01:23:57 IST" name="tearDown" finished-at="2026-01-28T01:23:57 IST" duration-ms="208" status="PASS">
          <reporter-output>
          </reporter-output>
        </test-method> <!-- tearDown -->
      </class> <!-- Test.HomeTest -->
    </test> <!-- Default test -->
  </suite> <!-- Default suite -->
</testng-results>
